d:\vscode\tetris\x64\debug\tetris.pch
d:\vscode\tetris\x64\debug\vc143.pdb
d:\vscode\tetris\x64\debug\vc143.idb
d:\vscode\tetris\x64\debug\pch.obj
d:\vscode\tetris\x64\debug\tetrisview.obj
d:\vscode\tetris\x64\debug\tetrisdoc.obj
d:\vscode\tetris\x64\debug\tetris.obj
d:\vscode\tetris\x64\debug\mainfrm.obj
d:\vscode\tetris\x64\debug\chcn.obj
d:\vscode\tetris\x64\debug\chcnmau.obj
d:\vscode\tetris\x64\debug\cquancoi.obj
d:\vscode\tetris\x64\debug\cquanco.obj
d:\vscode\tetris\x64\debug\cquancol.obj
d:\vscode\tetris\x64\debug\cquancoh1.obj
d:\vscode\tetris\x64\debug\ocomau.obj
d:\vscode\tetris\x64\debug\cquancov.obj
d:\vscode\tetris\x64\debug\cquancot.obj
d:\vscode\tetris\x64\debug\cquancoh2.obj
d:\vscode\tetris\x64\debug\cbanco.obj
d:\vscode\tetris\x64\debug\cquancofactory.obj
d:\vscode\tetris\x64\debug\tetris.ilk
d:\vscode\tetris\x64\debug\tetris.exe
d:\vscode\tetris\x64\debug\tetris.pdb
d:\vscode\tetris\x64\debug\tetris.res
d:\vscode\tetris\x64\debug\cbanco.obj.enc
d:\vscode\tetris\x64\debug\cquanco.obj.enc
d:\vscode\tetris\x64\debug\tetrisview.obj.enc
d:\vscode\tetris\x64\debug\tetris.tlog\cl.command.1.tlog
d:\vscode\tetris\x64\debug\tetris.tlog\cl.items.tlog
d:\vscode\tetris\x64\debug\tetris.tlog\cl.read.1.tlog
d:\vscode\tetris\x64\debug\tetris.tlog\cl.write.1.tlog
d:\vscode\tetris\x64\debug\tetris.tlog\link.command.1.tlog
d:\vscode\tetris\x64\debug\tetris.tlog\link.read.1.tlog
d:\vscode\tetris\x64\debug\tetris.tlog\link.write.1.tlog
d:\vscode\tetris\x64\debug\tetris.tlog\rc.command.1.tlog
d:\vscode\tetris\x64\debug\tetris.tlog\rc.read.1.tlog
d:\vscode\tetris\x64\debug\tetris.tlog\rc.write.1.tlog
